TN:
SF:/Users/zqs/workspace/koa/demo/index.js
FN:19,fromHeaderOrQuerystring
FNF:1
FNH:1
FNDA:5,fromHeaderOrQuerystring
DA:1,1
DA:2,1
DA:3,1
DA:4,1
DA:6,1
DA:7,1
DA:9,1
DA:11,1
DA:12,1
DA:15,1
DA:20,5
DA:21,0
DA:22,5
DA:23,5
DA:24,0
DA:25,0
DA:27,0
DA:36,1
DA:39,1
LF:19
LH:15
BRDA:20,0,0,0
BRDA:20,0,1,5
BRDA:20,1,0,5
BRDA:20,1,1,5
BRDA:22,2,0,5
BRDA:22,2,1,0
BRDA:22,3,0,5
BRDA:22,3,1,5
BRDA:24,4,0,0
BRDA:24,4,1,0
BRDA:24,5,0,0
BRDA:24,5,1,0
BRF:12
BRH:6
end_of_record
TN:
SF:/Users/zqs/workspace/koa/demo/mw/errorHandler.js
FN:1,(anonymous_0)
FNF:1
FNH:1
FNDA:8,(anonymous_0)
DA:1,1
DA:2,8
DA:3,8
DA:5,1
DA:6,1
DA:13,1
LF:6
LH:6
BRDA:5,0,0,1
BRDA:5,0,1,1
BRDA:5,0,2,1
BRF:3
BRH:3
end_of_record
TN:
SF:/Users/zqs/workspace/koa/demo/src/router.js
FN:6,(anonymous_0)
FN:7,(anonymous_1)
FN:9,(anonymous_2)
FN:11,(anonymous_3)
FN:12,(anonymous_4)
FN:13,(anonymous_5)
FN:14,(anonymous_6)
FNF:7
FNH:7
FNDA:1,(anonymous_0)
FNDA:2,(anonymous_1)
FNDA:1,(anonymous_2)
FNDA:1,(anonymous_3)
FNDA:1,(anonymous_4)
FNDA:1,(anonymous_5)
FNDA:1,(anonymous_6)
DA:1,1
DA:2,1
DA:4,1
DA:6,1
DA:7,2
DA:9,1
DA:11,1
DA:12,1
DA:13,1
DA:14,1
DA:16,1
LF:11
LH:11
BRF:0
BRH:0
end_of_record
TN:
SF:/Users/zqs/workspace/koa/demo/src/controller/index.js
FN:14,(anonymous_0)
FNF:1
FNH:1
FNDA:2,(anonymous_0)
DA:1,1
DA:2,1
DA:4,1
DA:5,1
DA:7,1
DA:12,1
DA:14,1
DA:15,2
DA:16,2
DA:19,1
LF:10
LH:10
BRF:0
BRH:0
end_of_record
TN:
SF:/Users/zqs/workspace/koa/demo/src/controller/todo/index.js
FN:1,(anonymous_0)
FN:3,(anonymous_1)
FN:7,(anonymous_2)
FN:11,(anonymous_3)
FN:14,(anonymous_4)
FNF:5
FNH:5
FNDA:1,(anonymous_0)
FNDA:1,(anonymous_1)
FNDA:1,(anonymous_2)
FNDA:1,(anonymous_3)
FNDA:1,(anonymous_4)
DA:1,1
DA:2,1
DA:4,1
DA:5,1
DA:8,1
DA:9,1
DA:12,1
DA:15,1
LF:8
LH:8
BRF:0
BRH:0
end_of_record
TN:
SF:/Users/zqs/workspace/koa/demo/src/controller/user/index.js
FN:3,(anonymous_0)
FN:5,(anonymous_1)
FN:8,(anonymous_2)
FN:16,(anonymous_3)
FNF:4
FNH:4
FNDA:1,(anonymous_0)
FNDA:1,(anonymous_1)
FNDA:1,(anonymous_2)
FNDA:2,(anonymous_3)
DA:1,1
DA:3,1
DA:4,1
DA:6,1
DA:9,1
DA:10,1
DA:11,1
DA:17,2
LF:8
LH:8
BRF:0
BRH:0
end_of_record
TN:
SF:/Users/zqs/workspace/koa/demo/src/model/index.js
FNF:0
FNH:0
DA:1,3
DA:2,3
DA:4,3
DA:6,3
LF:4
LH:4
BRF:0
BRH:0
end_of_record
TN:
SF:/Users/zqs/workspace/koa/demo/src/model/mongoose.js
FN:5,(anonymous_0)
FN:7,(anonymous_1)
FN:8,(anonymous_2)
FN:9,(anonymous_3)
FN:10,(anonymous_4)
FN:11,(anonymous_5)
FN:12,(anonymous_6)
FNF:7
FNH:3
FNDA:3,(anonymous_0)
FNDA:3,(anonymous_1)
FNDA:3,(anonymous_2)
FNDA:0,(anonymous_3)
FNDA:0,(anonymous_4)
FNDA:0,(anonymous_5)
FNDA:0,(anonymous_6)
DA:1,3
DA:3,3
DA:5,3
DA:6,3
DA:7,3
DA:8,3
DA:9,3
DA:10,3
DA:11,3
DA:12,3
DA:15,3
LF:11
LH:11
BRF:0
BRH:0
end_of_record
TN:
SF:/Users/zqs/workspace/koa/demo/src/model/todo.js
FNF:0
FNH:0
DA:1,3
DA:2,3
DA:4,3
DA:10,3
LF:4
LH:4
BRF:0
BRH:0
end_of_record
TN:
SF:/Users/zqs/workspace/koa/demo/src/model/user.js
FNF:0
FNH:0
DA:1,3
DA:2,3
DA:4,3
DA:10,3
LF:4
LH:4
BRF:0
BRH:0
end_of_record
TN:
SF:/Users/zqs/workspace/koa/demo/src/service/index.js
FN:14,(anonymous_0)
FNF:1
FNH:1
FNDA:6,(anonymous_0)
DA:1,3
DA:2,3
DA:4,3
DA:5,3
DA:7,3
DA:12,3
DA:14,3
DA:15,6
DA:16,6
DA:20,3
LF:10
LH:10
BRF:0
BRH:0
end_of_record
TN:
SF:/Users/zqs/workspace/koa/demo/src/service/todo/index.js
FN:1,(anonymous_0)
FN:3,(anonymous_1)
FN:7,(anonymous_2)
FN:17,(anonymous_3)
FN:21,(anonymous_4)
FNF:5
FNH:5
FNDA:3,(anonymous_0)
FNDA:5,(anonymous_1)
FNDA:5,(anonymous_2)
FNDA:2,(anonymous_3)
FNDA:2,(anonymous_4)
DA:1,3
DA:2,3
DA:4,5
DA:5,5
DA:8,5
DA:9,5
DA:10,3
DA:12,5
DA:13,0
DA:15,5
DA:18,2
DA:19,2
DA:22,2
DA:23,2
LF:14
LH:13
BRDA:7,0,0,1
BRDA:9,1,0,3
BRDA:9,1,1,2
BRDA:12,2,0,0
BRDA:12,2,1,5
BRF:5
BRH:4
end_of_record
TN:
SF:/Users/zqs/workspace/koa/demo/src/service/user/index.js
FN:4,(anonymous_0)
FN:6,(anonymous_1)
FN:9,(anonymous_2)
FN:19,(anonymous_3)
FN:20,(anonymous_4)
FN:26,(anonymous_5)
FNF:6
FNH:6
FNDA:3,(anonymous_0)
FNDA:2,(anonymous_1)
FNDA:3,(anonymous_2)
FNDA:2,(anonymous_3)
FNDA:1,(anonymous_4)
FNDA:2,(anonymous_5)
DA:1,3
DA:2,3
DA:4,3
DA:5,3
DA:7,2
DA:10,3
DA:12,3
DA:13,3
DA:18,3
DA:19,2
DA:21,1
DA:22,1
DA:27,2
DA:28,2
DA:29,2
DA:31,2
DA:32,2
DA:33,0
DA:35,2
LF:19
LH:18
BRDA:21,0,0,1
BRDA:21,0,1,0
BRDA:32,1,0,0
BRDA:32,1,1,2
BRF:4
BRH:2
end_of_record
TN:
SF:/Users/zqs/workspace/koa/demo/src/utils/cookie.js
FN:3,(anonymous_0)
FNF:1
FNH:1
FNDA:1,(anonymous_0)
DA:3,1
DA:12,1
LF:2
LH:2
BRF:0
BRH:0
end_of_record
TN:
SF:/Users/zqs/workspace/koa/demo/src/utils/encrypt.js
FN:9,(anonymous_0)
FN:17,(anonymous_1)
FNF:2
FNH:2
FNDA:3,(anonymous_0)
FNDA:2,(anonymous_1)
DA:1,3
DA:2,3
DA:9,3
DA:17,3
DA:19,3
LF:5
LH:5
BRF:0
BRH:0
end_of_record
TN:
SF:/Users/zqs/workspace/koa/demo/src/utils/jwt.js
FN:4,(anonymous_0)
FN:6,(anonymous_1)
FN:8,(anonymous_2)
FN:10,(anonymous_3)
FNF:4
FNH:1
FNDA:2,(anonymous_0)
FNDA:0,(anonymous_1)
FNDA:0,(anonymous_2)
FNDA:0,(anonymous_3)
DA:1,3
DA:2,3
DA:4,3
DA:6,3
DA:8,3
DA:10,3
DA:14,3
LF:7
LH:7
BRF:0
BRH:0
end_of_record
